

Started GET "/" for 192.168.33.1 at 2016-03-01 10:51:28 -0500
Cannot render console from 192.168.33.1! Allowed networks: 127.0.0.1, ::1, 127.0.0.0/127.255.255.255

Mysql2::Error (Access denied for user 'root'@'localhost' (using password: NO)):
  vendor/bundler/ruby/2.2.0/gems/mysql2-0.4.3/lib/mysql2/client.rb:87:in `connect'
  vendor/bundler/ruby/2.2.0/gems/mysql2-0.4.3/lib/mysql2/client.rb:87:in `initialize'
  vendor/bundler/ruby/2.2.0/gems/activerecord-4.2.5/lib/active_record/connection_adapters/mysql2_adapter.rb:18:in `new'
  vendor/bundler/ruby/2.2.0/gems/activerecord-4.2.5/lib/active_record/connection_adapters/mysql2_adapter.rb:18:in `mysql2_connection'
  vendor/bundler/ruby/2.2.0/gems/activerecord-4.2.5/lib/active_record/connection_adapters/abstract/connection_pool.rb:438:in `new_connection'
  vendor/bundler/ruby/2.2.0/gems/activerecord-4.2.5/lib/active_record/connection_adapters/abstract/connection_pool.rb:448:in `checkout_new_connection'
  vendor/bundler/ruby/2.2.0/gems/activerecord-4.2.5/lib/active_record/connection_adapters/abstract/connection_pool.rb:422:in `acquire_connection'
  vendor/bundler/ruby/2.2.0/gems/activerecord-4.2.5/lib/active_record/connection_adapters/abstract/connection_pool.rb:349:in `block in checkout'
  /usr/local/rbenv/versions/2.2.4/lib/ruby/2.2.0/monitor.rb:211:in `mon_synchronize'
  vendor/bundler/ruby/2.2.0/gems/activerecord-4.2.5/lib/active_record/connection_adapters/abstract/connection_pool.rb:348:in `checkout'
  vendor/bundler/ruby/2.2.0/gems/activerecord-4.2.5/lib/active_record/connection_adapters/abstract/connection_pool.rb:263:in `block in connection'
  /usr/local/rbenv/versions/2.2.4/lib/ruby/2.2.0/monitor.rb:211:in `mon_synchronize'
  vendor/bundler/ruby/2.2.0/gems/activerecord-4.2.5/lib/active_record/connection_adapters/abstract/connection_pool.rb:262:in `connection'
  vendor/bundler/ruby/2.2.0/gems/activerecord-4.2.5/lib/active_record/connection_adapters/abstract/connection_pool.rb:571:in `retrieve_connection'
  vendor/bundler/ruby/2.2.0/gems/activerecord-4.2.5/lib/active_record/connection_handling.rb:113:in `retrieve_connection'
  vendor/bundler/ruby/2.2.0/gems/activerecord-4.2.5/lib/active_record/connection_handling.rb:87:in `connection'
  vendor/bundler/ruby/2.2.0/gems/activerecord-4.2.5/lib/active_record/migration.rb:383:in `connection'
  vendor/bundler/ruby/2.2.0/gems/activerecord-4.2.5/lib/active_record/migration.rb:370:in `call'
  vendor/bundler/ruby/2.2.0/gems/actionpack-4.2.5/lib/action_dispatch/middleware/callbacks.rb:29:in `block in call'
  vendor/bundler/ruby/2.2.0/gems/activesupport-4.2.5/lib/active_support/callbacks.rb:88:in `__run_callbacks__'
  vendor/bundler/ruby/2.2.0/gems/activesupport-4.2.5/lib/active_support/callbacks.rb:778:in `_run_call_callbacks'
  vendor/bundler/ruby/2.2.0/gems/activesupport-4.2.5/lib/active_support/callbacks.rb:81:in `run_callbacks'
  vendor/bundler/ruby/2.2.0/gems/actionpack-4.2.5/lib/action_dispatch/middleware/callbacks.rb:27:in `call'
  vendor/bundler/ruby/2.2.0/gems/actionpack-4.2.5/lib/action_dispatch/middleware/reloader.rb:73:in `call'
  vendor/bundler/ruby/2.2.0/gems/actionpack-4.2.5/lib/action_dispatch/middleware/remote_ip.rb:78:in `call'
  vendor/bundler/ruby/2.2.0/gems/actionpack-4.2.5/lib/action_dispatch/middleware/debug_exceptions.rb:17:in `call'
  vendor/bundler/ruby/2.2.0/gems/web-console-2.3.0/lib/web_console/middleware.rb:20:in `block in call'
  vendor/bundler/ruby/2.2.0/gems/web-console-2.3.0/lib/web_console/middleware.rb:18:in `catch'
  vendor/bundler/ruby/2.2.0/gems/web-console-2.3.0/lib/web_console/middleware.rb:18:in `call'
  vendor/bundler/ruby/2.2.0/gems/actionpack-4.2.5/lib/action_dispatch/middleware/show_exceptions.rb:30:in `call'
  vendor/bundler/ruby/2.2.0/gems/railties-4.2.5/lib/rails/rack/logger.rb:38:in `call_app'
  vendor/bundler/ruby/2.2.0/gems/railties-4.2.5/lib/rails/rack/logger.rb:20:in `block in call'
  vendor/bundler/ruby/2.2.0/gems/activesupport-4.2.5/lib/active_support/tagged_logging.rb:68:in `block in tagged'
  vendor/bundler/ruby/2.2.0/gems/activesupport-4.2.5/lib/active_support/tagged_logging.rb:26:in `tagged'
  vendor/bundler/ruby/2.2.0/gems/activesupport-4.2.5/lib/active_support/tagged_logging.rb:68:in `tagged'
  vendor/bundler/ruby/2.2.0/gems/railties-4.2.5/lib/rails/rack/logger.rb:20:in `call'
  vendor/bundler/ruby/2.2.0/gems/actionpack-4.2.5/lib/action_dispatch/middleware/request_id.rb:21:in `call'
  vendor/bundler/ruby/2.2.0/gems/rack-1.6.4/lib/rack/methodoverride.rb:22:in `call'
  vendor/bundler/ruby/2.2.0/gems/rack-1.6.4/lib/rack/runtime.rb:18:in `call'
  vendor/bundler/ruby/2.2.0/gems/activesupport-4.2.5/lib/active_support/cache/strategy/local_cache_middleware.rb:28:in `call'
  vendor/bundler/ruby/2.2.0/gems/rack-1.6.4/lib/rack/lock.rb:17:in `call'
  vendor/bundler/ruby/2.2.0/gems/actionpack-4.2.5/lib/action_dispatch/middleware/static.rb:116:in `call'
  vendor/bundler/ruby/2.2.0/gems/rack-1.6.4/lib/rack/sendfile.rb:113:in `call'
  vendor/bundler/ruby/2.2.0/gems/railties-4.2.5/lib/rails/engine.rb:518:in `call'
  vendor/bundler/ruby/2.2.0/gems/railties-4.2.5/lib/rails/application.rb:165:in `call'
  vendor/bundler/ruby/2.2.0/gems/rack-1.6.4/lib/rack/lock.rb:17:in `call'
  vendor/bundler/ruby/2.2.0/gems/rack-1.6.4/lib/rack/content_length.rb:15:in `call'
  vendor/bundler/ruby/2.2.0/gems/rack-1.6.4/lib/rack/handler/webrick.rb:88:in `service'
  /usr/local/rbenv/versions/2.2.4/lib/ruby/2.2.0/webrick/httpserver.rb:138:in `service'
  /usr/local/rbenv/versions/2.2.4/lib/ruby/2.2.0/webrick/httpserver.rb:94:in `run'
  /usr/local/rbenv/versions/2.2.4/lib/ruby/2.2.0/webrick/server.rb:294:in `block in start_thread'


  Rendered vendor/bundler/ruby/2.2.0/gems/actionpack-4.2.5/lib/action_dispatch/middleware/templates/rescues/_source.erb (4.7ms)
  Rendered vendor/bundler/ruby/2.2.0/gems/actionpack-4.2.5/lib/action_dispatch/middleware/templates/rescues/_trace.html.erb (2.8ms)
  Rendered vendor/bundler/ruby/2.2.0/gems/actionpack-4.2.5/lib/action_dispatch/middleware/templates/rescues/_request_and_response.html.erb (0.5ms)
  Rendered vendor/bundler/ruby/2.2.0/gems/actionpack-4.2.5/lib/action_dispatch/middleware/templates/rescues/diagnostics.html.erb within rescues/layout (1087.6ms)


Started GET "/" for 192.168.33.1 at 2016-03-01 10:53:30 -0500
Cannot render console from 192.168.33.1! Allowed networks: 127.0.0.1, ::1, 127.0.0.0/127.255.255.255

ActiveRecord::NoDatabaseError (Unknown database 'api_development'):
  vendor/bundler/ruby/2.2.0/gems/activerecord-4.2.5/lib/active_record/connection_adapters/mysql2_adapter.rb:23:in `rescue in mysql2_connection'
  vendor/bundler/ruby/2.2.0/gems/activerecord-4.2.5/lib/active_record/connection_adapters/mysql2_adapter.rb:10:in `mysql2_connection'
  vendor/bundler/ruby/2.2.0/gems/activerecord-4.2.5/lib/active_record/connection_adapters/abstract/connection_pool.rb:438:in `new_connection'
  vendor/bundler/ruby/2.2.0/gems/activerecord-4.2.5/lib/active_record/connection_adapters/abstract/connection_pool.rb:448:in `checkout_new_connection'
  vendor/bundler/ruby/2.2.0/gems/activerecord-4.2.5/lib/active_record/connection_adapters/abstract/connection_pool.rb:422:in `acquire_connection'
  vendor/bundler/ruby/2.2.0/gems/activerecord-4.2.5/lib/active_record/connection_adapters/abstract/connection_pool.rb:349:in `block in checkout'
  /usr/local/rbenv/versions/2.2.4/lib/ruby/2.2.0/monitor.rb:211:in `mon_synchronize'
  vendor/bundler/ruby/2.2.0/gems/activerecord-4.2.5/lib/active_record/connection_adapters/abstract/connection_pool.rb:348:in `checkout'
  vendor/bundler/ruby/2.2.0/gems/activerecord-4.2.5/lib/active_record/connection_adapters/abstract/connection_pool.rb:263:in `block in connection'
  /usr/local/rbenv/versions/2.2.4/lib/ruby/2.2.0/monitor.rb:211:in `mon_synchronize'
  vendor/bundler/ruby/2.2.0/gems/activerecord-4.2.5/lib/active_record/connection_adapters/abstract/connection_pool.rb:262:in `connection'
  vendor/bundler/ruby/2.2.0/gems/activerecord-4.2.5/lib/active_record/connection_adapters/abstract/connection_pool.rb:571:in `retrieve_connection'
  vendor/bundler/ruby/2.2.0/gems/activerecord-4.2.5/lib/active_record/connection_handling.rb:113:in `retrieve_connection'
  vendor/bundler/ruby/2.2.0/gems/activerecord-4.2.5/lib/active_record/connection_handling.rb:87:in `connection'
  vendor/bundler/ruby/2.2.0/gems/activerecord-4.2.5/lib/active_record/migration.rb:383:in `connection'
  vendor/bundler/ruby/2.2.0/gems/activerecord-4.2.5/lib/active_record/migration.rb:370:in `call'
  vendor/bundler/ruby/2.2.0/gems/actionpack-4.2.5/lib/action_dispatch/middleware/callbacks.rb:29:in `block in call'
  vendor/bundler/ruby/2.2.0/gems/activesupport-4.2.5/lib/active_support/callbacks.rb:88:in `__run_callbacks__'
  vendor/bundler/ruby/2.2.0/gems/activesupport-4.2.5/lib/active_support/callbacks.rb:778:in `_run_call_callbacks'
  vendor/bundler/ruby/2.2.0/gems/activesupport-4.2.5/lib/active_support/callbacks.rb:81:in `run_callbacks'
  vendor/bundler/ruby/2.2.0/gems/actionpack-4.2.5/lib/action_dispatch/middleware/callbacks.rb:27:in `call'
  vendor/bundler/ruby/2.2.0/gems/actionpack-4.2.5/lib/action_dispatch/middleware/reloader.rb:73:in `call'
  vendor/bundler/ruby/2.2.0/gems/actionpack-4.2.5/lib/action_dispatch/middleware/remote_ip.rb:78:in `call'
  vendor/bundler/ruby/2.2.0/gems/actionpack-4.2.5/lib/action_dispatch/middleware/debug_exceptions.rb:17:in `call'
  vendor/bundler/ruby/2.2.0/gems/web-console-2.3.0/lib/web_console/middleware.rb:20:in `block in call'
  vendor/bundler/ruby/2.2.0/gems/web-console-2.3.0/lib/web_console/middleware.rb:18:in `catch'
  vendor/bundler/ruby/2.2.0/gems/web-console-2.3.0/lib/web_console/middleware.rb:18:in `call'
  vendor/bundler/ruby/2.2.0/gems/actionpack-4.2.5/lib/action_dispatch/middleware/show_exceptions.rb:30:in `call'
  vendor/bundler/ruby/2.2.0/gems/railties-4.2.5/lib/rails/rack/logger.rb:38:in `call_app'
  vendor/bundler/ruby/2.2.0/gems/railties-4.2.5/lib/rails/rack/logger.rb:20:in `block in call'
  vendor/bundler/ruby/2.2.0/gems/activesupport-4.2.5/lib/active_support/tagged_logging.rb:68:in `block in tagged'
  vendor/bundler/ruby/2.2.0/gems/activesupport-4.2.5/lib/active_support/tagged_logging.rb:26:in `tagged'
  vendor/bundler/ruby/2.2.0/gems/activesupport-4.2.5/lib/active_support/tagged_logging.rb:68:in `tagged'
  vendor/bundler/ruby/2.2.0/gems/railties-4.2.5/lib/rails/rack/logger.rb:20:in `call'
  vendor/bundler/ruby/2.2.0/gems/actionpack-4.2.5/lib/action_dispatch/middleware/request_id.rb:21:in `call'
  vendor/bundler/ruby/2.2.0/gems/rack-1.6.4/lib/rack/methodoverride.rb:22:in `call'
  vendor/bundler/ruby/2.2.0/gems/rack-1.6.4/lib/rack/runtime.rb:18:in `call'
  vendor/bundler/ruby/2.2.0/gems/activesupport-4.2.5/lib/active_support/cache/strategy/local_cache_middleware.rb:28:in `call'
  vendor/bundler/ruby/2.2.0/gems/rack-1.6.4/lib/rack/lock.rb:17:in `call'
  vendor/bundler/ruby/2.2.0/gems/actionpack-4.2.5/lib/action_dispatch/middleware/static.rb:116:in `call'
  vendor/bundler/ruby/2.2.0/gems/rack-1.6.4/lib/rack/sendfile.rb:113:in `call'
  vendor/bundler/ruby/2.2.0/gems/railties-4.2.5/lib/rails/engine.rb:518:in `call'
  vendor/bundler/ruby/2.2.0/gems/railties-4.2.5/lib/rails/application.rb:165:in `call'
  vendor/bundler/ruby/2.2.0/gems/rack-1.6.4/lib/rack/lock.rb:17:in `call'
  vendor/bundler/ruby/2.2.0/gems/rack-1.6.4/lib/rack/content_length.rb:15:in `call'
  vendor/bundler/ruby/2.2.0/gems/rack-1.6.4/lib/rack/handler/webrick.rb:88:in `service'
  /usr/local/rbenv/versions/2.2.4/lib/ruby/2.2.0/webrick/httpserver.rb:138:in `service'
  /usr/local/rbenv/versions/2.2.4/lib/ruby/2.2.0/webrick/httpserver.rb:94:in `run'
  /usr/local/rbenv/versions/2.2.4/lib/ruby/2.2.0/webrick/server.rb:294:in `block in start_thread'


  Rendered vendor/bundler/ruby/2.2.0/gems/actionpack-4.2.5/lib/action_dispatch/middleware/templates/rescues/_source.erb (4.6ms)
  Rendered vendor/bundler/ruby/2.2.0/gems/actionpack-4.2.5/lib/action_dispatch/middleware/templates/rescues/_trace.html.erb (2.6ms)
  Rendered vendor/bundler/ruby/2.2.0/gems/actionpack-4.2.5/lib/action_dispatch/middleware/templates/rescues/_request_and_response.html.erb (1.3ms)
  Rendered vendor/bundler/ruby/2.2.0/gems/actionpack-4.2.5/lib/action_dispatch/middleware/templates/rescues/diagnostics.html.erb within rescues/layout (1058.2ms)


Started POST "/photos/upload" for 192.168.33.1 at 2016-03-06 04:06:03 -0500
Cannot render console from 192.168.33.1! Allowed networks: 127.0.0.1, ::1, 127.0.0.0/127.255.255.255

ActiveRecord::NoDatabaseError (Unknown database 'api_development'):
  vendor/bundler/ruby/2.2.0/gems/activerecord-4.2.5/lib/active_record/connection_adapters/mysql2_adapter.rb:23:in `rescue in mysql2_connection'
  vendor/bundler/ruby/2.2.0/gems/activerecord-4.2.5/lib/active_record/connection_adapters/mysql2_adapter.rb:10:in `mysql2_connection'
  vendor/bundler/ruby/2.2.0/gems/activerecord-4.2.5/lib/active_record/connection_adapters/abstract/connection_pool.rb:438:in `new_connection'
  vendor/bundler/ruby/2.2.0/gems/activerecord-4.2.5/lib/active_record/connection_adapters/abstract/connection_pool.rb:448:in `checkout_new_connection'
  vendor/bundler/ruby/2.2.0/gems/activerecord-4.2.5/lib/active_record/connection_adapters/abstract/connection_pool.rb:422:in `acquire_connection'
  vendor/bundler/ruby/2.2.0/gems/activerecord-4.2.5/lib/active_record/connection_adapters/abstract/connection_pool.rb:349:in `block in checkout'
  /usr/local/rbenv/versions/2.2.4/lib/ruby/2.2.0/monitor.rb:211:in `mon_synchronize'
  vendor/bundler/ruby/2.2.0/gems/activerecord-4.2.5/lib/active_record/connection_adapters/abstract/connection_pool.rb:348:in `checkout'
  vendor/bundler/ruby/2.2.0/gems/activerecord-4.2.5/lib/active_record/connection_adapters/abstract/connection_pool.rb:263:in `block in connection'
  /usr/local/rbenv/versions/2.2.4/lib/ruby/2.2.0/monitor.rb:211:in `mon_synchronize'
  vendor/bundler/ruby/2.2.0/gems/activerecord-4.2.5/lib/active_record/connection_adapters/abstract/connection_pool.rb:262:in `connection'
  vendor/bundler/ruby/2.2.0/gems/activerecord-4.2.5/lib/active_record/connection_adapters/abstract/connection_pool.rb:571:in `retrieve_connection'
  vendor/bundler/ruby/2.2.0/gems/activerecord-4.2.5/lib/active_record/connection_handling.rb:113:in `retrieve_connection'
  vendor/bundler/ruby/2.2.0/gems/activerecord-4.2.5/lib/active_record/connection_handling.rb:87:in `connection'
  vendor/bundler/ruby/2.2.0/gems/activerecord-4.2.5/lib/active_record/migration.rb:383:in `connection'
  vendor/bundler/ruby/2.2.0/gems/activerecord-4.2.5/lib/active_record/migration.rb:370:in `call'
  vendor/bundler/ruby/2.2.0/gems/actionpack-4.2.5/lib/action_dispatch/middleware/callbacks.rb:29:in `block in call'
  vendor/bundler/ruby/2.2.0/gems/activesupport-4.2.5/lib/active_support/callbacks.rb:88:in `__run_callbacks__'
  vendor/bundler/ruby/2.2.0/gems/activesupport-4.2.5/lib/active_support/callbacks.rb:778:in `_run_call_callbacks'
  vendor/bundler/ruby/2.2.0/gems/activesupport-4.2.5/lib/active_support/callbacks.rb:81:in `run_callbacks'
  vendor/bundler/ruby/2.2.0/gems/actionpack-4.2.5/lib/action_dispatch/middleware/callbacks.rb:27:in `call'
  vendor/bundler/ruby/2.2.0/gems/actionpack-4.2.5/lib/action_dispatch/middleware/reloader.rb:73:in `call'
  vendor/bundler/ruby/2.2.0/gems/actionpack-4.2.5/lib/action_dispatch/middleware/remote_ip.rb:78:in `call'
  vendor/bundler/ruby/2.2.0/gems/actionpack-4.2.5/lib/action_dispatch/middleware/debug_exceptions.rb:17:in `call'
  vendor/bundler/ruby/2.2.0/gems/web-console-2.3.0/lib/web_console/middleware.rb:20:in `block in call'
  vendor/bundler/ruby/2.2.0/gems/web-console-2.3.0/lib/web_console/middleware.rb:18:in `catch'
  vendor/bundler/ruby/2.2.0/gems/web-console-2.3.0/lib/web_console/middleware.rb:18:in `call'
  vendor/bundler/ruby/2.2.0/gems/actionpack-4.2.5/lib/action_dispatch/middleware/show_exceptions.rb:30:in `call'
  vendor/bundler/ruby/2.2.0/gems/railties-4.2.5/lib/rails/rack/logger.rb:38:in `call_app'
  vendor/bundler/ruby/2.2.0/gems/railties-4.2.5/lib/rails/rack/logger.rb:20:in `block in call'
  vendor/bundler/ruby/2.2.0/gems/activesupport-4.2.5/lib/active_support/tagged_logging.rb:68:in `block in tagged'
  vendor/bundler/ruby/2.2.0/gems/activesupport-4.2.5/lib/active_support/tagged_logging.rb:26:in `tagged'
  vendor/bundler/ruby/2.2.0/gems/activesupport-4.2.5/lib/active_support/tagged_logging.rb:68:in `tagged'
  vendor/bundler/ruby/2.2.0/gems/railties-4.2.5/lib/rails/rack/logger.rb:20:in `call'
  vendor/bundler/ruby/2.2.0/gems/actionpack-4.2.5/lib/action_dispatch/middleware/request_id.rb:21:in `call'
  vendor/bundler/ruby/2.2.0/gems/rack-1.6.4/lib/rack/methodoverride.rb:22:in `call'
  vendor/bundler/ruby/2.2.0/gems/rack-1.6.4/lib/rack/runtime.rb:18:in `call'
  vendor/bundler/ruby/2.2.0/gems/activesupport-4.2.5/lib/active_support/cache/strategy/local_cache_middleware.rb:28:in `call'
  vendor/bundler/ruby/2.2.0/gems/rack-1.6.4/lib/rack/lock.rb:17:in `call'
  vendor/bundler/ruby/2.2.0/gems/actionpack-4.2.5/lib/action_dispatch/middleware/static.rb:116:in `call'
  vendor/bundler/ruby/2.2.0/gems/rack-1.6.4/lib/rack/sendfile.rb:113:in `call'
  vendor/bundler/ruby/2.2.0/gems/railties-4.2.5/lib/rails/engine.rb:518:in `call'
  vendor/bundler/ruby/2.2.0/gems/railties-4.2.5/lib/rails/application.rb:165:in `call'
  vendor/bundler/ruby/2.2.0/gems/rack-1.6.4/lib/rack/lock.rb:17:in `call'
  vendor/bundler/ruby/2.2.0/gems/rack-1.6.4/lib/rack/content_length.rb:15:in `call'
  vendor/bundler/ruby/2.2.0/gems/rack-1.6.4/lib/rack/handler/webrick.rb:88:in `service'
  /usr/local/rbenv/versions/2.2.4/lib/ruby/2.2.0/webrick/httpserver.rb:138:in `service'
  /usr/local/rbenv/versions/2.2.4/lib/ruby/2.2.0/webrick/httpserver.rb:94:in `run'
  /usr/local/rbenv/versions/2.2.4/lib/ruby/2.2.0/webrick/server.rb:294:in `block in start_thread'


  Rendered vendor/bundler/ruby/2.2.0/gems/actionpack-4.2.5/lib/action_dispatch/middleware/templates/rescues/_source.erb (4.6ms)
  Rendered vendor/bundler/ruby/2.2.0/gems/actionpack-4.2.5/lib/action_dispatch/middleware/templates/rescues/_trace.html.erb (2.1ms)
  Rendered vendor/bundler/ruby/2.2.0/gems/actionpack-4.2.5/lib/action_dispatch/middleware/templates/rescues/_request_and_response.html.erb (1.5ms)
  Rendered vendor/bundler/ruby/2.2.0/gems/actionpack-4.2.5/lib/action_dispatch/middleware/templates/rescues/diagnostics.html.erb within rescues/layout (1204.7ms)


Started GET "/" for 192.168.33.1 at 2016-03-06 04:06:21 -0500
Cannot render console from 192.168.33.1! Allowed networks: 127.0.0.1, ::1, 127.0.0.0/127.255.255.255

ActiveRecord::NoDatabaseError (Unknown database 'api_development'):
  vendor/bundler/ruby/2.2.0/gems/activerecord-4.2.5/lib/active_record/connection_adapters/mysql2_adapter.rb:23:in `rescue in mysql2_connection'
  vendor/bundler/ruby/2.2.0/gems/activerecord-4.2.5/lib/active_record/connection_adapters/mysql2_adapter.rb:10:in `mysql2_connection'
  vendor/bundler/ruby/2.2.0/gems/activerecord-4.2.5/lib/active_record/connection_adapters/abstract/connection_pool.rb:438:in `new_connection'
  vendor/bundler/ruby/2.2.0/gems/activerecord-4.2.5/lib/active_record/connection_adapters/abstract/connection_pool.rb:448:in `checkout_new_connection'
  vendor/bundler/ruby/2.2.0/gems/activerecord-4.2.5/lib/active_record/connection_adapters/abstract/connection_pool.rb:422:in `acquire_connection'
  vendor/bundler/ruby/2.2.0/gems/activerecord-4.2.5/lib/active_record/connection_adapters/abstract/connection_pool.rb:349:in `block in checkout'
  /usr/local/rbenv/versions/2.2.4/lib/ruby/2.2.0/monitor.rb:211:in `mon_synchronize'
  vendor/bundler/ruby/2.2.0/gems/activerecord-4.2.5/lib/active_record/connection_adapters/abstract/connection_pool.rb:348:in `checkout'
  vendor/bundler/ruby/2.2.0/gems/activerecord-4.2.5/lib/active_record/connection_adapters/abstract/connection_pool.rb:263:in `block in connection'
  /usr/local/rbenv/versions/2.2.4/lib/ruby/2.2.0/monitor.rb:211:in `mon_synchronize'
  vendor/bundler/ruby/2.2.0/gems/activerecord-4.2.5/lib/active_record/connection_adapters/abstract/connection_pool.rb:262:in `connection'
  vendor/bundler/ruby/2.2.0/gems/activerecord-4.2.5/lib/active_record/connection_adapters/abstract/connection_pool.rb:571:in `retrieve_connection'
  vendor/bundler/ruby/2.2.0/gems/activerecord-4.2.5/lib/active_record/connection_handling.rb:113:in `retrieve_connection'
  vendor/bundler/ruby/2.2.0/gems/activerecord-4.2.5/lib/active_record/connection_handling.rb:87:in `connection'
  vendor/bundler/ruby/2.2.0/gems/activerecord-4.2.5/lib/active_record/migration.rb:383:in `connection'
  vendor/bundler/ruby/2.2.0/gems/activerecord-4.2.5/lib/active_record/migration.rb:370:in `call'
  vendor/bundler/ruby/2.2.0/gems/actionpack-4.2.5/lib/action_dispatch/middleware/callbacks.rb:29:in `block in call'
  vendor/bundler/ruby/2.2.0/gems/activesupport-4.2.5/lib/active_support/callbacks.rb:88:in `__run_callbacks__'
  vendor/bundler/ruby/2.2.0/gems/activesupport-4.2.5/lib/active_support/callbacks.rb:778:in `_run_call_callbacks'
  vendor/bundler/ruby/2.2.0/gems/activesupport-4.2.5/lib/active_support/callbacks.rb:81:in `run_callbacks'
  vendor/bundler/ruby/2.2.0/gems/actionpack-4.2.5/lib/action_dispatch/middleware/callbacks.rb:27:in `call'
  vendor/bundler/ruby/2.2.0/gems/actionpack-4.2.5/lib/action_dispatch/middleware/reloader.rb:73:in `call'
  vendor/bundler/ruby/2.2.0/gems/actionpack-4.2.5/lib/action_dispatch/middleware/remote_ip.rb:78:in `call'
  vendor/bundler/ruby/2.2.0/gems/actionpack-4.2.5/lib/action_dispatch/middleware/debug_exceptions.rb:17:in `call'
  vendor/bundler/ruby/2.2.0/gems/web-console-2.3.0/lib/web_console/middleware.rb:20:in `block in call'
  vendor/bundler/ruby/2.2.0/gems/web-console-2.3.0/lib/web_console/middleware.rb:18:in `catch'
  vendor/bundler/ruby/2.2.0/gems/web-console-2.3.0/lib/web_console/middleware.rb:18:in `call'
  vendor/bundler/ruby/2.2.0/gems/actionpack-4.2.5/lib/action_dispatch/middleware/show_exceptions.rb:30:in `call'
  vendor/bundler/ruby/2.2.0/gems/railties-4.2.5/lib/rails/rack/logger.rb:38:in `call_app'
  vendor/bundler/ruby/2.2.0/gems/railties-4.2.5/lib/rails/rack/logger.rb:20:in `block in call'
  vendor/bundler/ruby/2.2.0/gems/activesupport-4.2.5/lib/active_support/tagged_logging.rb:68:in `block in tagged'
  vendor/bundler/ruby/2.2.0/gems/activesupport-4.2.5/lib/active_support/tagged_logging.rb:26:in `tagged'
  vendor/bundler/ruby/2.2.0/gems/activesupport-4.2.5/lib/active_support/tagged_logging.rb:68:in `tagged'
  vendor/bundler/ruby/2.2.0/gems/railties-4.2.5/lib/rails/rack/logger.rb:20:in `call'
  vendor/bundler/ruby/2.2.0/gems/actionpack-4.2.5/lib/action_dispatch/middleware/request_id.rb:21:in `call'
  vendor/bundler/ruby/2.2.0/gems/rack-1.6.4/lib/rack/methodoverride.rb:22:in `call'
  vendor/bundler/ruby/2.2.0/gems/rack-1.6.4/lib/rack/runtime.rb:18:in `call'
  vendor/bundler/ruby/2.2.0/gems/activesupport-4.2.5/lib/active_support/cache/strategy/local_cache_middleware.rb:28:in `call'
  vendor/bundler/ruby/2.2.0/gems/rack-1.6.4/lib/rack/lock.rb:17:in `call'
  vendor/bundler/ruby/2.2.0/gems/actionpack-4.2.5/lib/action_dispatch/middleware/static.rb:116:in `call'
  vendor/bundler/ruby/2.2.0/gems/rack-1.6.4/lib/rack/sendfile.rb:113:in `call'
  vendor/bundler/ruby/2.2.0/gems/railties-4.2.5/lib/rails/engine.rb:518:in `call'
  vendor/bundler/ruby/2.2.0/gems/railties-4.2.5/lib/rails/application.rb:165:in `call'
  vendor/bundler/ruby/2.2.0/gems/rack-1.6.4/lib/rack/lock.rb:17:in `call'
  vendor/bundler/ruby/2.2.0/gems/rack-1.6.4/lib/rack/content_length.rb:15:in `call'
  vendor/bundler/ruby/2.2.0/gems/rack-1.6.4/lib/rack/handler/webrick.rb:88:in `service'
  /usr/local/rbenv/versions/2.2.4/lib/ruby/2.2.0/webrick/httpserver.rb:138:in `service'
  /usr/local/rbenv/versions/2.2.4/lib/ruby/2.2.0/webrick/httpserver.rb:94:in `run'
  /usr/local/rbenv/versions/2.2.4/lib/ruby/2.2.0/webrick/server.rb:294:in `block in start_thread'


  Rendered vendor/bundler/ruby/2.2.0/gems/actionpack-4.2.5/lib/action_dispatch/middleware/templates/rescues/_source.erb (3.1ms)
  Rendered vendor/bundler/ruby/2.2.0/gems/actionpack-4.2.5/lib/action_dispatch/middleware/templates/rescues/_trace.html.erb (1.6ms)
  Rendered vendor/bundler/ruby/2.2.0/gems/actionpack-4.2.5/lib/action_dispatch/middleware/templates/rescues/_request_and_response.html.erb (0.8ms)
  Rendered vendor/bundler/ruby/2.2.0/gems/actionpack-4.2.5/lib/action_dispatch/middleware/templates/rescues/diagnostics.html.erb within rescues/layout (1124.2ms)


Started GET "/" for 192.168.33.1 at 2016-03-09 23:18:20 -0500
Cannot render console from 192.168.33.1! Allowed networks: 127.0.0.1, ::1, 127.0.0.0/127.255.255.255

ActiveRecord::NoDatabaseError (Unknown database 'api_development'):
  vendor/bundler/ruby/2.2.0/gems/activerecord-4.2.5/lib/active_record/connection_adapters/mysql2_adapter.rb:23:in `rescue in mysql2_connection'
  vendor/bundler/ruby/2.2.0/gems/activerecord-4.2.5/lib/active_record/connection_adapters/mysql2_adapter.rb:10:in `mysql2_connection'
  vendor/bundler/ruby/2.2.0/gems/activerecord-4.2.5/lib/active_record/connection_adapters/abstract/connection_pool.rb:438:in `new_connection'
  vendor/bundler/ruby/2.2.0/gems/activerecord-4.2.5/lib/active_record/connection_adapters/abstract/connection_pool.rb:448:in `checkout_new_connection'
  vendor/bundler/ruby/2.2.0/gems/activerecord-4.2.5/lib/active_record/connection_adapters/abstract/connection_pool.rb:422:in `acquire_connection'
  vendor/bundler/ruby/2.2.0/gems/activerecord-4.2.5/lib/active_record/connection_adapters/abstract/connection_pool.rb:349:in `block in checkout'
  /usr/local/rbenv/versions/2.2.4/lib/ruby/2.2.0/monitor.rb:211:in `mon_synchronize'
  vendor/bundler/ruby/2.2.0/gems/activerecord-4.2.5/lib/active_record/connection_adapters/abstract/connection_pool.rb:348:in `checkout'
  vendor/bundler/ruby/2.2.0/gems/activerecord-4.2.5/lib/active_record/connection_adapters/abstract/connection_pool.rb:263:in `block in connection'
  /usr/local/rbenv/versions/2.2.4/lib/ruby/2.2.0/monitor.rb:211:in `mon_synchronize'
  vendor/bundler/ruby/2.2.0/gems/activerecord-4.2.5/lib/active_record/connection_adapters/abstract/connection_pool.rb:262:in `connection'
  vendor/bundler/ruby/2.2.0/gems/activerecord-4.2.5/lib/active_record/connection_adapters/abstract/connection_pool.rb:571:in `retrieve_connection'
  vendor/bundler/ruby/2.2.0/gems/activerecord-4.2.5/lib/active_record/connection_handling.rb:113:in `retrieve_connection'
  vendor/bundler/ruby/2.2.0/gems/activerecord-4.2.5/lib/active_record/connection_handling.rb:87:in `connection'
  vendor/bundler/ruby/2.2.0/gems/activerecord-4.2.5/lib/active_record/migration.rb:383:in `connection'
  vendor/bundler/ruby/2.2.0/gems/activerecord-4.2.5/lib/active_record/migration.rb:370:in `call'
  vendor/bundler/ruby/2.2.0/gems/actionpack-4.2.5/lib/action_dispatch/middleware/callbacks.rb:29:in `block in call'
  vendor/bundler/ruby/2.2.0/gems/activesupport-4.2.5/lib/active_support/callbacks.rb:88:in `__run_callbacks__'
  vendor/bundler/ruby/2.2.0/gems/activesupport-4.2.5/lib/active_support/callbacks.rb:778:in `_run_call_callbacks'
  vendor/bundler/ruby/2.2.0/gems/activesupport-4.2.5/lib/active_support/callbacks.rb:81:in `run_callbacks'
  vendor/bundler/ruby/2.2.0/gems/actionpack-4.2.5/lib/action_dispatch/middleware/callbacks.rb:27:in `call'
  vendor/bundler/ruby/2.2.0/gems/actionpack-4.2.5/lib/action_dispatch/middleware/reloader.rb:73:in `call'
  vendor/bundler/ruby/2.2.0/gems/actionpack-4.2.5/lib/action_dispatch/middleware/remote_ip.rb:78:in `call'
  vendor/bundler/ruby/2.2.0/gems/actionpack-4.2.5/lib/action_dispatch/middleware/debug_exceptions.rb:17:in `call'
  vendor/bundler/ruby/2.2.0/gems/web-console-2.3.0/lib/web_console/middleware.rb:20:in `block in call'
  vendor/bundler/ruby/2.2.0/gems/web-console-2.3.0/lib/web_console/middleware.rb:18:in `catch'
  vendor/bundler/ruby/2.2.0/gems/web-console-2.3.0/lib/web_console/middleware.rb:18:in `call'
  vendor/bundler/ruby/2.2.0/gems/actionpack-4.2.5/lib/action_dispatch/middleware/show_exceptions.rb:30:in `call'
  vendor/bundler/ruby/2.2.0/gems/railties-4.2.5/lib/rails/rack/logger.rb:38:in `call_app'
  vendor/bundler/ruby/2.2.0/gems/railties-4.2.5/lib/rails/rack/logger.rb:20:in `block in call'
  vendor/bundler/ruby/2.2.0/gems/activesupport-4.2.5/lib/active_support/tagged_logging.rb:68:in `block in tagged'
  vendor/bundler/ruby/2.2.0/gems/activesupport-4.2.5/lib/active_support/tagged_logging.rb:26:in `tagged'
  vendor/bundler/ruby/2.2.0/gems/activesupport-4.2.5/lib/active_support/tagged_logging.rb:68:in `tagged'
  vendor/bundler/ruby/2.2.0/gems/railties-4.2.5/lib/rails/rack/logger.rb:20:in `call'
  vendor/bundler/ruby/2.2.0/gems/actionpack-4.2.5/lib/action_dispatch/middleware/request_id.rb:21:in `call'
  vendor/bundler/ruby/2.2.0/gems/rack-1.6.4/lib/rack/methodoverride.rb:22:in `call'
  vendor/bundler/ruby/2.2.0/gems/rack-1.6.4/lib/rack/runtime.rb:18:in `call'
  vendor/bundler/ruby/2.2.0/gems/activesupport-4.2.5/lib/active_support/cache/strategy/local_cache_middleware.rb:28:in `call'
  vendor/bundler/ruby/2.2.0/gems/rack-1.6.4/lib/rack/lock.rb:17:in `call'
  vendor/bundler/ruby/2.2.0/gems/actionpack-4.2.5/lib/action_dispatch/middleware/static.rb:116:in `call'
  vendor/bundler/ruby/2.2.0/gems/rack-1.6.4/lib/rack/sendfile.rb:113:in `call'
  vendor/bundler/ruby/2.2.0/gems/railties-4.2.5/lib/rails/engine.rb:518:in `call'
  vendor/bundler/ruby/2.2.0/gems/railties-4.2.5/lib/rails/application.rb:165:in `call'
  vendor/bundler/ruby/2.2.0/gems/rack-1.6.4/lib/rack/lock.rb:17:in `call'
  vendor/bundler/ruby/2.2.0/gems/rack-1.6.4/lib/rack/content_length.rb:15:in `call'
  vendor/bundler/ruby/2.2.0/gems/rack-1.6.4/lib/rack/handler/webrick.rb:88:in `service'
  /usr/local/rbenv/versions/2.2.4/lib/ruby/2.2.0/webrick/httpserver.rb:138:in `service'
  /usr/local/rbenv/versions/2.2.4/lib/ruby/2.2.0/webrick/httpserver.rb:94:in `run'
  /usr/local/rbenv/versions/2.2.4/lib/ruby/2.2.0/webrick/server.rb:294:in `block in start_thread'


  Rendered vendor/bundler/ruby/2.2.0/gems/actionpack-4.2.5/lib/action_dispatch/middleware/templates/rescues/_source.erb (4.0ms)
  Rendered vendor/bundler/ruby/2.2.0/gems/actionpack-4.2.5/lib/action_dispatch/middleware/templates/rescues/_trace.html.erb (1.7ms)
  Rendered vendor/bundler/ruby/2.2.0/gems/actionpack-4.2.5/lib/action_dispatch/middleware/templates/rescues/_request_and_response.html.erb (1.9ms)
  Rendered vendor/bundler/ruby/2.2.0/gems/actionpack-4.2.5/lib/action_dispatch/middleware/templates/rescues/diagnostics.html.erb within rescues/layout (1138.2ms)
